<?xml version="1.0" encoding="UTF-8"?>
<testsuite xmlns:xsi="http://www.w3.org/2001/XMLSchema-instance" xsi:noNamespaceSchemaLocation="https://maven.apache.org/surefire/maven-surefire-plugin/xsd/surefire-test-report.xsd" name="com.example.ProductDaoTest" time="1.071" tests="1" errors="1" skipped="0" failures="0">
  <properties>
    <property name="awt.toolkit" value="sun.awt.X11.XToolkit"/>
    <property name="java.specification.version" value="11"/>
    <property name="sun.cpu.isalist" value=""/>
    <property name="sun.jnu.encoding" value="UTF-8"/>
    <property name="java.class.path" value="/run/media/b/storage/J2EE/Servlet/ServletMySQL/target/test-classes:/run/media/b/storage/J2EE/Servlet/ServletMySQL/target/classes:/home/b/.m2/repository/junit/junit/4.13.2/junit-4.13.2.jar:/home/b/.m2/repository/org/hamcrest/hamcrest-core/1.3/hamcrest-core-1.3.jar:/home/b/.m2/repository/javax/javaee-web-api/7.0/javaee-web-api-7.0.jar:/home/b/.m2/repository/mysql/mysql-connector-java/8.0.27/mysql-connector-java-8.0.27.jar:/home/b/.m2/repository/com/google/protobuf/protobuf-java/3.11.4/protobuf-java-3.11.4.jar:"/>
    <property name="java.vm.vendor" value="JetBrains s.r.o."/>
    <property name="sun.arch.data.model" value="64"/>
    <property name="java.vendor.url" value="https://openjdk.java.net/"/>
    <property name="user.timezone" value=""/>
    <property name="java.vm.specification.version" value="11"/>
    <property name="os.name" value="Linux"/>
    <property name="user.country" value="US"/>
    <property name="sun.java.launcher" value="SUN_STANDARD"/>
    <property name="sun.boot.library.path" value="/usr/lib/jvm/jdk-jetbrains/lib"/>
    <property name="sun.java.command" value="/run/media/b/storage/J2EE/Servlet/ServletMySQL/target/surefire/surefirebooter8388935594574805993.jar /run/media/b/storage/J2EE/Servlet/ServletMySQL/target/surefire 2021-10-25T00-29-00_121-jvmRun1 surefire16842284876697819384tmp surefire_05533501946278058228tmp"/>
    <property name="jdk.debug" value="release"/>
    <property name="surefire.test.class.path" value="/run/media/b/storage/J2EE/Servlet/ServletMySQL/target/test-classes:/run/media/b/storage/J2EE/Servlet/ServletMySQL/target/classes:/home/b/.m2/repository/junit/junit/4.13.2/junit-4.13.2.jar:/home/b/.m2/repository/org/hamcrest/hamcrest-core/1.3/hamcrest-core-1.3.jar:/home/b/.m2/repository/javax/javaee-web-api/7.0/javaee-web-api-7.0.jar:/home/b/.m2/repository/mysql/mysql-connector-java/8.0.27/mysql-connector-java-8.0.27.jar:/home/b/.m2/repository/com/google/protobuf/protobuf-java/3.11.4/protobuf-java-3.11.4.jar:"/>
    <property name="sun.cpu.endian" value="little"/>
    <property name="user.home" value="/home/b"/>
    <property name="user.language" value="en"/>
    <property name="java.specification.vendor" value="Oracle Corporation"/>
    <property name="java.version.date" value="2021-07-20"/>
    <property name="java.home" value="/usr/lib/jvm/jdk-jetbrains"/>
    <property name="file.separator" value="/"/>
    <property name="basedir" value="/run/media/b/storage/J2EE/Servlet/ServletMySQL"/>
    <property name="java.vm.compressedOopsMode" value="32-bit"/>
    <property name="line.separator" value="&#10;"/>
    <property name="java.specification.name" value="Java Platform API Specification"/>
    <property name="java.vm.specification.vendor" value="Oracle Corporation"/>
    <property name="java.awt.graphicsenv" value="sun.awt.X11GraphicsEnvironment"/>
    <property name="surefire.real.class.path" value="/run/media/b/storage/J2EE/Servlet/ServletMySQL/target/surefire/surefirebooter8388935594574805993.jar"/>
    <property name="sun.management.compiler" value="HotSpot 64-Bit Tiered Compilers"/>
    <property name="java.runtime.version" value="11.0.12+7-b1649.1"/>
    <property name="user.name" value="b"/>
    <property name="path.separator" value=":"/>
    <property name="os.version" value="5.14.10-1-MANJARO"/>
    <property name="java.runtime.name" value="OpenJDK Runtime Environment"/>
    <property name="file.encoding" value="UTF-8"/>
    <property name="java.vm.name" value="OpenJDK 64-Bit Server VM"/>
    <property name="java.vendor.version" value="JBR-11.0.12.7-1649.1-jcef"/>
    <property name="maven.ext.class.path" value="/home/b/netbeans-12.5/netbeans/java/maven-nblib/netbeans-eventspy.jar"/>
    <property name="localRepository" value="/home/b/.m2/repository"/>
    <property name="java.vendor.url.bug" value="https://bugreport.java.com/bugreport/"/>
    <property name="java.io.tmpdir" value="/tmp"/>
    <property name="java.version" value="11.0.12"/>
    <property name="user.dir" value="/run/media/b/storage/J2EE/Servlet/ServletMySQL"/>
    <property name="os.arch" value="amd64"/>
    <property name="java.vm.specification.name" value="Java Virtual Machine Specification"/>
    <property name="java.awt.printerjob" value="sun.print.PSPrinterJob"/>
    <property name="sun.os.patch.level" value="unknown"/>
    <property name="java.library.path" value="/usr/java/packages/lib:/usr/lib64:/lib64:/lib:/usr/lib"/>
    <property name="java.vm.info" value="mixed mode"/>
    <property name="java.vendor" value="JetBrains s.r.o."/>
    <property name="java.vm.version" value="11.0.12+7-b1649.1"/>
    <property name="sun.io.unicode.encoding" value="UnicodeLittle"/>
    <property name="java.class.version" value="55.0"/>
  </properties>
  <testcase name="addProduct" classname="com.example.ProductDaoTest" time="0.834">
    <error type="java.lang.NullPointerException">java.lang.NullPointerException
	at com.example.ProductDaoTest.addProduct(ProductDaoTest.java:20)
</error>
  </testcase>
</testsuite>